c:\others\fcis work\assembly 2012\assembly\labs\lab2\add & sub\debug\project.ilk
c:\others\fcis work\assembly 2012\assembly\labs\lab2\add & sub\debug\project.exe
c:\others\fcis work\assembly 2012\assembly\labs\lab2\add & sub\debug\project.exe.intermediate.manifest
c:\others\fcis work\assembly 2012\assembly\labs\lab2\add & sub\debug\project.pdb
c:\others\fcis work\assembly 2012\assembly\labs\lab2\assembly lab 2 materials\irvine\project_template\debug\project.ilk
c:\others\fcis work\assembly 2012\assembly\labs\lab2\assembly lab 2 materials\irvine\project_template\debug\project.exe
c:\others\fcis work\assembly 2012\assembly\labs\lab2\assembly lab 2 materials\irvine\project_template\debug\project.exe.intermediate.manifest
c:\others\fcis work\assembly 2012\assembly\labs\lab2\assembly lab 2 materials\irvine\project_template\debug\project.pdb
c:\others\fcis work\assembly 2012\assembly\labs\lab 2\assembly lab 2 materials\irvine2\project_template\debug\project.ilk
c:\others\fcis work\assembly 2012\assembly\labs\lab 2\assembly lab 2 materials\irvine2\project_template\debug\project.exe
c:\others\fcis work\assembly 2012\assembly\labs\lab 2\assembly lab 2 materials\irvine2\project_template\debug\project.exe.intermediate.manifest
c:\others\fcis work\assembly 2012\assembly\labs\lab 2\assembly lab 2 materials\irvine2\project_template\debug\project.pdb
c:\users\mona sadik\dropbox\assembly language 2014\labs\irvine\irvine\project_template\debug\project.ilk
c:\users\mona sadik\dropbox\assembly language 2014\labs\irvine\irvine\project_template\debug\project.exe
c:\users\mona sadik\dropbox\assembly language 2014\labs\irvine\irvine\project_template\debug\project.exe.intermediate.manifest
c:\users\mona sadik\dropbox\assembly language 2014\labs\irvine\irvine\project_template\debug\project.pdb
c:\others\fcis work\assembly 2012\assembly\labs\lab2\add & sub\debug\main.obj
c:\others\fcis work\assembly 2012\assembly\labs\lab 2\assembly lab 2 materials\irvine2\project_template\debug\main.obj
c:\users\mona sadik\dropbox\assembly language 2014\labs\irvine\irvine\project_template\debug\main.obj
e:\irvine\project_template\debug\project.exe
e:\irvine\project_template\debug\project.ilk
e:\irvine\project_template\debug\project.pdb
c:\users\user\desktop\irvine\project_template\debug\project.exe
c:\users\user\desktop\irvine\project_template\debug\project.ilk
c:\users\user\desktop\irvine\project_template\debug\project.pdb
c:\users\user\desktop\irvine\project_template\debug\main.obj
c:\users\user\desktop\irvine\project_template\debug\project.vcxprojresolveassemblyreference.cache
c:\users\user\desktop\irvine\project_template\debug\main (amr elsehemy_s conflicted copy 2014-11-04).obj
c:\users\user\desktop\irvine\project_template\debug\project (amr elsehemy_s conflicted copy 2014-11-04).ilk
c:\users\user\desktop\irvine\project_template\debug\link.command.1.tlog
c:\users\user\desktop\irvine\project_template\debug\link.read.1.tlog
c:\users\user\desktop\irvine\project_template\debug\link.write.1.tlog
c:\users\user\desktop\irvine\project_template\debug\mt.command.1.tlog
c:\users\user\desktop\irvine\project_template\debug\mt.read.1.tlog
c:\users\user\desktop\irvine\project_template\debug\mt.write.1.tlog
c:\users\user\desktop\irvine\project_template\debug\project.write.1.tlog
c:\users\user\desktop\irvine\project_template\debug\project (amr elsehemy_s conflicted copy 2014-11-04).pdb
c:\users\user\desktop\irvine\project_template\debug\project.exe.intermediate.manifest.xml
c:\users\user\desktop\irvine\project_template\debug\project.tlog\link.10064.delete.1.tlog
c:\users\user\desktop\irvine\project_template\debug\project.tlog\link.10180.delete.1.tlog
c:\users\user\desktop\irvine\project_template\debug\project.tlog\link.10364.delete.1.tlog
c:\users\user\desktop\irvine\project_template\debug\project.tlog\link.11572.delete.1.tlog
c:\users\user\desktop\irvine\project_template\debug\project.tlog\link.11996.delete.1.tlog
c:\users\user\desktop\irvine\project_template\debug\project.tlog\link.12160.delete.1.tlog
c:\users\user\desktop\irvine\project_template\debug\project.tlog\link.12216.delete.1.tlog
c:\users\user\desktop\irvine\project_template\debug\project.tlog\link.12620.delete.1.tlog
c:\users\user\desktop\irvine\project_template\debug\project.tlog\link.12804.delete.1.tlog
c:\users\user\desktop\irvine\project_template\debug\project.tlog\link.12992.delete.1.tlog
c:\users\user\desktop\irvine\project_template\debug\project.tlog\link.13120.delete.1.tlog
c:\users\user\desktop\irvine\project_template\debug\project.tlog\link.13148.delete.1.tlog
c:\users\user\desktop\irvine\project_template\debug\project.tlog\link.13668.delete.1.tlog
c:\users\user\desktop\irvine\project_template\debug\project.tlog\link.1388.delete.1.tlog
c:\users\user\desktop\irvine\project_template\debug\project.tlog\link.13932.delete.1.tlog
c:\users\user\desktop\irvine\project_template\debug\project.tlog\link.13980.delete.1.tlog
c:\users\user\desktop\irvine\project_template\debug\project.tlog\link.14488.delete.1.tlog
c:\users\user\desktop\irvine\project_template\debug\project.tlog\link.14612.delete.1.tlog
c:\users\user\desktop\irvine\project_template\debug\project.tlog\link.14640.delete.1.tlog
c:\users\user\desktop\irvine\project_template\debug\project.tlog\link.14688.delete.1.tlog
c:\users\user\desktop\irvine\project_template\debug\project.tlog\link.14816.delete.1.tlog
c:\users\user\desktop\irvine\project_template\debug\project.tlog\link.14928.delete.1.tlog
c:\users\user\desktop\irvine\project_template\debug\project.tlog\link.14968.delete.1.tlog
c:\users\user\desktop\irvine\project_template\debug\project.tlog\link.15204.delete.1.tlog
c:\users\user\desktop\irvine\project_template\debug\project.tlog\link.15752.delete.1.tlog
c:\users\user\desktop\irvine\project_template\debug\project.tlog\link.15988.delete.1.tlog
c:\users\user\desktop\irvine\project_template\debug\project.tlog\link.1604.delete.1.tlog
c:\users\user\desktop\irvine\project_template\debug\project.tlog\link.16604.delete.1.tlog
c:\users\user\desktop\irvine\project_template\debug\project.tlog\link.16636.delete.1.tlog
c:\users\user\desktop\irvine\project_template\debug\project.tlog\link.17032.delete.1.tlog
c:\users\user\desktop\irvine\project_template\debug\project.tlog\link.17368.delete.1.tlog
c:\users\user\desktop\irvine\project_template\debug\project.tlog\link.17544.delete.1.tlog
c:\users\user\desktop\irvine\project_template\debug\project.tlog\link.17584.delete.1.tlog
c:\users\user\desktop\irvine\project_template\debug\project.tlog\link.17660.delete.1.tlog
c:\users\user\desktop\irvine\project_template\debug\project.tlog\link.17756.delete.1.tlog
c:\users\user\desktop\irvine\project_template\debug\project.tlog\link.17760.delete.1.tlog
c:\users\user\desktop\irvine\project_template\debug\project.tlog\link.17812.delete.1.tlog
c:\users\user\desktop\irvine\project_template\debug\project.tlog\link.17864.delete.1.tlog
c:\users\user\desktop\irvine\project_template\debug\project.tlog\link.17920.delete.1.tlog
c:\users\user\desktop\irvine\project_template\debug\project.tlog\link.17956.delete.1.tlog
c:\users\user\desktop\irvine\project_template\debug\project.tlog\link.18104.delete.1.tlog
c:\users\user\desktop\irvine\project_template\debug\project.tlog\link.18216.delete.1.tlog
c:\users\user\desktop\irvine\project_template\debug\project.tlog\link.18464.delete.1.tlog
c:\users\user\desktop\irvine\project_template\debug\project.tlog\link.18520.delete.1.tlog
c:\users\user\desktop\irvine\project_template\debug\project.tlog\link.18524.delete.1.tlog
c:\users\user\desktop\irvine\project_template\debug\project.tlog\link.19316.delete.1.tlog
c:\users\user\desktop\irvine\project_template\debug\project.tlog\link.19600.delete.1.tlog
c:\users\user\desktop\irvine\project_template\debug\project.tlog\link.1980.delete.1.tlog
c:\users\user\desktop\irvine\project_template\debug\project.tlog\link.20356.delete.1.tlog
c:\users\user\desktop\irvine\project_template\debug\project.tlog\link.20484.delete.1.tlog
c:\users\user\desktop\irvine\project_template\debug\project.tlog\link.20552.delete.1.tlog
c:\users\user\desktop\irvine\project_template\debug\project.tlog\link.20760.delete.1.tlog
c:\users\user\desktop\irvine\project_template\debug\project.tlog\link.21108.delete.1.tlog
c:\users\user\desktop\irvine\project_template\debug\project.tlog\link.21152.delete.1.tlog
c:\users\user\desktop\irvine\project_template\debug\project.tlog\link.22060.delete.1.tlog
c:\users\user\desktop\irvine\project_template\debug\project.tlog\link.22180.delete.1.tlog
c:\users\user\desktop\irvine\project_template\debug\project.tlog\link.2220.delete.1.tlog
c:\users\user\desktop\irvine\project_template\debug\project.tlog\link.22588.delete.1.tlog
c:\users\user\desktop\irvine\project_template\debug\project.tlog\link.22948.delete.1.tlog
c:\users\user\desktop\irvine\project_template\debug\project.tlog\link.23436.delete.1.tlog
c:\users\user\desktop\irvine\project_template\debug\project.tlog\link.23532.delete.1.tlog
c:\users\user\desktop\irvine\project_template\debug\project.tlog\link.2356.delete.1.tlog
c:\users\user\desktop\irvine\project_template\debug\project.tlog\link.24164.delete.1.tlog
c:\users\user\desktop\irvine\project_template\debug\project.tlog\link.24172.delete.1.tlog
c:\users\user\desktop\irvine\project_template\debug\project.tlog\link.24352.delete.1.tlog
c:\users\user\desktop\irvine\project_template\debug\project.tlog\link.2592.delete.1.tlog
c:\users\user\desktop\irvine\project_template\debug\project.tlog\link.2596.delete.1.tlog
c:\users\user\desktop\irvine\project_template\debug\project.tlog\link.2976.delete.1.tlog
c:\users\user\desktop\irvine\project_template\debug\project.tlog\link.3640.delete.1.tlog
c:\users\user\desktop\irvine\project_template\debug\project.tlog\link.4176.delete.1.tlog
c:\users\user\desktop\irvine\project_template\debug\project.tlog\link.4816.delete.1.tlog
c:\users\user\desktop\irvine\project_template\debug\project.tlog\link.4904.delete.1.tlog
c:\users\user\desktop\irvine\project_template\debug\project.tlog\link.5808.delete.1.tlog
c:\users\user\desktop\irvine\project_template\debug\project.tlog\link.5856.delete.1.tlog
c:\users\user\desktop\irvine\project_template\debug\project.tlog\link.6208.delete.1.tlog
c:\users\user\desktop\irvine\project_template\debug\project.tlog\link.6304.delete.1.tlog
c:\users\user\desktop\irvine\project_template\debug\project.tlog\link.6472.delete.1.tlog
c:\users\user\desktop\irvine\project_template\debug\project.tlog\link.7180.delete.1.tlog
c:\users\user\desktop\irvine\project_template\debug\project.tlog\link.740.delete.1.tlog
c:\users\user\desktop\irvine\project_template\debug\project.tlog\link.7720.delete.1.tlog
c:\users\user\desktop\irvine\project_template\debug\project.tlog\link.7876.delete.1.tlog
c:\users\user\desktop\irvine\project_template\debug\project.tlog\link.8004.delete.1.tlog
c:\users\user\desktop\irvine\project_template\debug\project.tlog\link.8012.delete.1.tlog
c:\users\user\desktop\irvine\project_template\debug\project.tlog\link.8104.delete.1.tlog
c:\users\user\desktop\irvine\project_template\debug\project.tlog\link.8112.delete.1.tlog
c:\users\user\desktop\irvine\project_template\debug\project.tlog\link.8480.delete.1.tlog
c:\users\user\desktop\irvine\project_template\debug\project.tlog\link.8584.delete.1.tlog
c:\users\user\desktop\irvine\project_template\debug\project.tlog\link.8672.delete.1.tlog
c:\users\user\desktop\irvine\project_template\debug\project.tlog\link.8876.delete.1.tlog
c:\users\user\desktop\irvine\project_template\debug\project.tlog\link.904.delete.1.tlog
c:\users\user\desktop\irvine\project_template\debug\project.tlog\link.9044.delete.1.tlog
c:\users\user\desktop\irvine\project_template\debug\project.tlog\link.9264.delete.1.tlog
c:\users\user\desktop\irvine\project_template\debug\project.tlog\link.9288.delete.1.tlog
c:\users\user\desktop\irvine\project_template\debug\project.tlog\link.9828.delete.1.tlog
c:\users\user\desktop\irvine\project_template\debug\project.tlog\link.9844.delete.1.tlog
c:\users\user\desktop\irvine\project_template\debug\project.tlog\link.command.1.tlog
c:\users\user\desktop\irvine\project_template\debug\project.tlog\link.delete.1.tlog
c:\users\user\desktop\irvine\project_template\debug\project.tlog\link.read.1.tlog
c:\users\user\desktop\irvine\project_template\debug\project.tlog\link.write.1.tlog
c:\users\user\desktop\irvine\project_template\debug\project.tlog\masm.read.1u.tlog
c:\users\user\desktop\irvine\project_template\debug\project.tlog\masm.write.1u.tlog
c:\users\user\desktop\irvine\project_template\debug\project.tlog\project.write.1u.tlog
